2020-04-22 10:48:51,983 INFO  [org.jboss.modules] (main) JBoss Modules version 1.9.1.Final
2020-04-22 10:48:52,461 INFO  [org.jboss.msc] (main) JBoss MSC version 1.4.11.Final
2020-04-22 10:48:52,475 INFO  [org.jboss.threads] (main) JBoss Threads version 2.3.3.Final
2020-04-22 10:48:52,593 INFO  [org.jboss.as] (MSC service thread 1-2) WFLYSRV0049: Keycloak 9.0.3 (WildFly Core 10.0.3.Final) starting
2020-04-22 10:48:52,594 DEBUG [org.jboss.as.config] (MSC service thread 1-2) Configured system properties:
	awt.toolkit = sun.awt.windows.WToolkit
	file.encoding = Cp1252
	file.encoding.pkg = sun.io
	file.separator = \
	java.awt.graphicsenv = sun.awt.Win32GraphicsEnvironment
	java.awt.printerjob = sun.awt.windows.WPrinterJob
	java.class.path = C:\Users\ivc17294adm\Desktop\code\keycloak\jboss-modules.jar
	java.class.version = 52.0
	java.endorsed.dirs = C:\Program Files\RedHat\java-1.8.0-openjdk-1.8.0.242-3\jre\lib\endorsed
	java.ext.dirs = C:\Program Files\RedHat\java-1.8.0-openjdk-1.8.0.242-3\jre\lib\ext;C:\Windows\Sun\Java\lib\ext
	java.home = C:\Program Files\RedHat\java-1.8.0-openjdk-1.8.0.242-3\jre
	java.io.tmpdir = C:\Users\IVC172~1\AppData\Local\Temp\
	java.library.path = C:\Program Files\RedHat\java-1.8.0-openjdk-1.8.0.242-3\bin;C:\Windows\Sun\Java\bin;C:\Windows\system32;C:\Windows;C:\Program Files (x86)\Common Files\Oracle\Java\javapath;C:\Python27\;C:\Python27\Scripts;C:\Windows\system32;C:\Windows;C:\Windows\System32\Wbem;C:\Windows\System32\WindowsPowerShell\v1.0\;C:\Windows\System32\OpenSSH\;C:\Program Files (x86)\NVIDIA Corporation\PhysX\Common;C:\Program Files\Symantec.cloud\PlatformAgent\;C:\Program Files\nodejs\;C:\ProgramData\chocolatey\bin;C:\Program Files\Git\cmd;C:\Program Files\Git\mingw64\bin;C:\Program Files\Git\usr\bin;C:\Program Files (x86)\Yarn\bin\;C:\Program Files\MongoDB\Server\4.2\bin;C:\Program Files\Docker\Docker\resources\bin;C:\ProgramData\DockerDesktop\version-bin;C:\Program Files (x86)\Java\jre1.8.0_241\bin;C:\Program Files\RedHat\java-1.8.0-openjdk-1.8.0.242-3\webstart\;C:\Program Files\RedHat\java-1.8.0-openjdk-1.8.0.242-3\bin;C:\Program Files\RedHat\java-1.8.0-openjdk-1.8.0.242-3\jre\bin;C:\Program Files\MySQL\MySQL Shell 8.0\bin\;C:\Users\ivc17294adm\AppData\Local\Microsoft\WindowsApps;C:\Users\ivc17294adm\AppData\Roaming\npm;C:\Users\ivc17294adm\AppData\Local\Programs\Microsoft VS Code\bin;C:\Users\ivc17294adm\AppData\Local\Yarn\bin;.
	java.net.preferIPv4Stack = true
	java.runtime.name = OpenJDK Runtime Environment
	java.runtime.version = 1.8.0_242-b08
	java.specification.name = Java Platform API Specification
	java.specification.vendor = Oracle Corporation
	java.specification.version = 1.8
	java.util.logging.manager = org.jboss.logmanager.LogManager
	java.vendor = Oracle Corporation
	java.vendor.url = http://java.oracle.com/
	java.vendor.url.bug = http://bugreport.sun.com/bugreport/
	java.version = 1.8.0_242
	java.vm.info = mixed mode
	java.vm.name = OpenJDK 64-Bit Server VM
	java.vm.specification.name = Java Virtual Machine Specification
	java.vm.specification.vendor = Oracle Corporation
	java.vm.specification.version = 1.8
	java.vm.vendor = 
	java.vm.version = 25.242-b08
	javax.management.builder.initial = org.jboss.as.jmx.PluggableMBeanServerBuilder
	jboss.home.dir = C:\Users\ivc17294adm\Desktop\code\keycloak
	jboss.host.name = ivc17-294
	jboss.modules.dir = C:\Users\ivc17294adm\Desktop\code\keycloak\modules
	jboss.modules.system.pkgs = org.jboss.byteman
	jboss.node.name = ivc17-294
	jboss.qualified.host.name = ivc17-294
	jboss.server.base.dir = C:\Users\ivc17294adm\Desktop\code\keycloak\standalone
	jboss.server.config.dir = C:\Users\ivc17294adm\Desktop\code\keycloak\standalone\configuration
	jboss.server.data.dir = C:\Users\ivc17294adm\Desktop\code\keycloak\standalone\data
	jboss.server.deploy.dir = C:\Users\ivc17294adm\Desktop\code\keycloak\standalone\data\content
	jboss.server.log.dir = C:\Users\ivc17294adm\Desktop\code\keycloak\standalone\log
	jboss.server.name = ivc17-294
	jboss.server.persist.config = true
	jboss.server.temp.dir = C:\Users\ivc17294adm\Desktop\code\keycloak\standalone\tmp
	line.separator = 

	logging.configuration = file:C:\Users\ivc17294adm\Desktop\code\keycloak\standalone\configuration/logging.properties
	module.path = C:\Users\ivc17294adm\Desktop\code\keycloak\modules
	org.jboss.boot.log.file = C:\Users\ivc17294adm\Desktop\code\keycloak\standalone\log\server.log
	org.jboss.resolver.warning = true
	os.arch = amd64
	os.name = Windows 10
	os.version = 10.0
	path.separator = ;
	program.name = standalone.bat
	sun.arch.data.model = 64
	sun.boot.class.path = C:\Program Files\RedHat\java-1.8.0-openjdk-1.8.0.242-3\jre\lib\resources.jar;C:\Program Files\RedHat\java-1.8.0-openjdk-1.8.0.242-3\jre\lib\rt.jar;C:\Program Files\RedHat\java-1.8.0-openjdk-1.8.0.242-3\jre\lib\sunrsasign.jar;C:\Program Files\RedHat\java-1.8.0-openjdk-1.8.0.242-3\jre\lib\jsse.jar;C:\Program Files\RedHat\java-1.8.0-openjdk-1.8.0.242-3\jre\lib\jce.jar;C:\Program Files\RedHat\java-1.8.0-openjdk-1.8.0.242-3\jre\lib\charsets.jar;C:\Program Files\RedHat\java-1.8.0-openjdk-1.8.0.242-3\jre\lib\jfr.jar;C:\Program Files\RedHat\java-1.8.0-openjdk-1.8.0.242-3\jre\classes
	sun.boot.library.path = C:\Program Files\RedHat\java-1.8.0-openjdk-1.8.0.242-3\jre\bin
	sun.cpu.endian = little
	sun.cpu.isalist = amd64
	sun.desktop = windows
	sun.io.unicode.encoding = UnicodeLittle
	sun.java.command = C:\Users\ivc17294adm\Desktop\code\keycloak\jboss-modules.jar -mp C:\Users\ivc17294adm\Desktop\code\keycloak\modules org.jboss.as.standalone -Djboss.home.dir=C:\Users\ivc17294adm\Desktop\code\keycloak
	sun.java.launcher = SUN_STANDARD
	sun.jnu.encoding = Cp1252
	sun.management.compiler = HotSpot 64-Bit Tiered Compilers
	sun.os.patch.level = 
	sun.stderr.encoding = cp437
	sun.stdout.encoding = cp437
	user.country = US
	user.dir = C:\Users\ivc17294adm\Desktop\code\keycloak\bin
	user.home = C:\Users\ivc17294adm
	user.language = en
	user.name = ivc17294adm
	user.script = 
	user.timezone = America/Chicago
	user.variant = 
2020-04-22 10:48:52,595 DEBUG [org.jboss.as.config] (MSC service thread 1-2) VM Arguments: -Dprogram.name=standalone.bat -Xms64M -Xmx512M -XX:MetaspaceSize=96M -XX:MaxMetaspaceSize=256m -Djava.net.preferIPv4Stack=true -Djboss.modules.system.pkgs=org.jboss.byteman -Dorg.jboss.boot.log.file=C:\Users\ivc17294adm\Desktop\code\keycloak\standalone\log\server.log -Dlogging.configuration=file:C:\Users\ivc17294adm\Desktop\code\keycloak\standalone\configuration/logging.properties 
2020-04-22 10:48:53,249 INFO  [org.wildfly.security] (ServerService Thread Pool -- 20) ELY00001: WildFly Elytron version 1.10.4.Final
2020-04-22 10:48:53,745 INFO  [org.jboss.as.controller.management-deprecated] (Controller Boot Thread) WFLYCTL0028: Attribute 'security-realm' in the resource at address '/core-service=management/management-interface=http-interface' is deprecated, and may be removed in a future version. See the attribute description in the output of the read-resource-description operation to learn more about the deprecation.
2020-04-22 10:48:53,760 INFO  [org.jboss.as.controller.management-deprecated] (ServerService Thread Pool -- 26) WFLYCTL0028: Attribute 'security-realm' in the resource at address '/subsystem=undertow/server=default-server/https-listener=https' is deprecated, and may be removed in a future version. See the attribute description in the output of the read-resource-description operation to learn more about the deprecation.
2020-04-22 10:48:53,817 INFO  [org.jboss.as.server] (Controller Boot Thread) WFLYSRV0039: Creating http management service using socket-binding (management-http)
2020-04-22 10:48:53,837 INFO  [org.xnio] (MSC service thread 1-7) XNIO version 3.7.3.Final
2020-04-22 10:48:53,844 INFO  [org.xnio.nio] (MSC service thread 1-7) XNIO NIO Implementation Version 3.7.3.Final
2020-04-22 10:48:53,866 WARN  [org.jboss.as.txn] (ServerService Thread Pool -- 49) WFLYTX0013: The node-identifier attribute on the /subsystem=transactions is set to the default value. This is a danger for environments running multiple servers. Please make sure the attribute value is unique.
2020-04-22 10:48:53,872 INFO  [org.wildfly.extension.microprofile.config.smallrye._private] (ServerService Thread Pool -- 51) WFLYCONF0001: Activating WildFly MicroProfile Config Subsystem
2020-04-22 10:48:53,873 INFO  [org.jboss.as.naming] (ServerService Thread Pool -- 43) WFLYNAM0001: Activating Naming Subsystem
2020-04-22 10:48:53,875 INFO  [org.jboss.as.clustering.infinispan] (ServerService Thread Pool -- 37) WFLYCLINF0001: Activating Infinispan subsystem.
2020-04-22 10:48:53,885 INFO  [org.jboss.as.security] (ServerService Thread Pool -- 48) WFLYSEC0002: Activating Security Subsystem
2020-04-22 10:48:53,894 INFO  [org.wildfly.extension.microprofile.health.smallrye] (ServerService Thread Pool -- 52) WFLYHEALTH0001: Activating Eclipse MicroProfile Health Subsystem
2020-04-22 10:48:53,895 INFO  [org.jboss.as.security] (MSC service thread 1-8) WFLYSEC0001: Current PicketBox version=5.0.3.Final
2020-04-22 10:48:53,904 INFO  [org.wildfly.extension.microprofile.metrics.smallrye] (ServerService Thread Pool -- 53) WFLYMETRICS0001: Activating Eclipse MicroProfile Metrics Subsystem
2020-04-22 10:48:53,904 INFO  [org.jboss.as.connector] (MSC service thread 1-1) WFLYJCA0009: Starting JCA Subsystem (WildFly/IronJacamar 1.4.17.Final)
2020-04-22 10:48:53,909 INFO  [org.jboss.as.jaxrs] (ServerService Thread Pool -- 38) WFLYRS0016: RESTEasy version 3.9.1.Final
2020-04-22 10:48:53,946 INFO  [org.wildfly.extension.undertow] (MSC service thread 1-2) WFLYUT0003: Undertow 2.0.27.Final starting
2020-04-22 10:48:53,969 WARN  [org.wildfly.clustering.web.undertow] (ServerService Thread Pool -- 54) WFLYCLWEBUT0007: No routing provider found for default-server; using legacy provider based on static configuration
2020-04-22 10:48:53,971 INFO  [org.jboss.as.connector.subsystems.datasources] (ServerService Thread Pool -- 32) WFLYJCA0005: Deploying non-JDBC-compliant driver class com.mysql.jdbc.Driver (version 5.1)
2020-04-22 10:48:53,986 INFO  [org.jboss.as.connector.deployers.jdbc] (MSC service thread 1-4) WFLYJCA0018: Started Driver service with driver-name = mysql
2020-04-22 10:48:53,987 INFO  [org.jboss.as.naming] (MSC service thread 1-4) WFLYNAM0003: Starting Naming Service
2020-04-22 10:48:53,991 INFO  [org.jboss.as.mail.extension] (MSC service thread 1-4) WFLYMAIL0001: Bound mail session [java:jboss/mail/Default]
2020-04-22 10:48:54,009 INFO  [org.jboss.as.connector.subsystems.datasources] (ServerService Thread Pool -- 32) WFLYJCA0004: Deploying JDBC-compliant driver class org.h2.Driver (version 1.4)
2020-04-22 10:48:54,161 INFO  [org.wildfly.extension.undertow] (ServerService Thread Pool -- 54) WFLYUT0014: Creating file handler for path 'C:\Users\ivc17294adm\Desktop\code\keycloak/welcome-content' with options [directory-listing: 'false', follow-symlink: 'false', case-sensitive: 'true', safe-symlink-paths: '[]']
2020-04-22 10:48:54,168 INFO  [org.jboss.as.connector.deployers.jdbc] (MSC service thread 1-3) WFLYJCA0018: Started Driver service with driver-name = h2
2020-04-22 10:48:54,406 INFO  [org.wildfly.extension.io] (ServerService Thread Pool -- 36) WFLYIO001: Worker 'default' has auto-configured to 24 core threads with 192 task threads based on your 12 available processors
2020-04-22 10:48:54,409 INFO  [org.jboss.as.ejb3] (MSC service thread 1-3) WFLYEJB0481: Strict pool slsb-strict-max-pool is using a max instance size of 192 (per class), which is derived from thread worker pool sizing.
2020-04-22 10:48:54,409 INFO  [org.jboss.as.ejb3] (MSC service thread 1-4) WFLYEJB0482: Strict pool mdb-strict-max-pool is using a max instance size of 48 (per class), which is derived from the number of CPUs on this host.
2020-04-22 10:48:54,449 INFO  [org.jboss.remoting] (MSC service thread 1-4) JBoss Remoting version 5.0.15.Final
2020-04-22 10:48:54,454 INFO  [org.jboss.as.patching] (MSC service thread 1-1) WFLYPAT0050: Keycloak cumulative patch ID is: base, one-off patches include: none
2020-04-22 10:48:54,458 INFO  [org.wildfly.extension.undertow] (MSC service thread 1-8) WFLYUT0012: Started server default-server.
2020-04-22 10:48:54,460 INFO  [org.wildfly.extension.undertow] (MSC service thread 1-8) WFLYUT0018: Host default-host starting
2020-04-22 10:48:54,471 WARN  [org.jboss.as.domain.management.security] (MSC service thread 1-1) WFLYDM0111: Keystore C:\Users\ivc17294adm\Desktop\code\keycloak\standalone\configuration\application.keystore not found, it will be auto generated on first use with a self signed certificate for host localhost
2020-04-22 10:48:54,474 INFO  [org.jboss.as.server.deployment.scanner] (MSC service thread 1-1) WFLYDS0013: Started FileSystemDeploymentService for directory C:\Users\ivc17294adm\Desktop\code\keycloak\standalone\deployments
2020-04-22 10:48:54,484 INFO  [org.jboss.as.server.deployment] (MSC service thread 1-8) WFLYSRV0027: Starting deployment of "keycloak-server.war" (runtime-name: "keycloak-server.war")
2020-04-22 10:48:54,508 INFO  [org.jboss.as.ejb3] (MSC service thread 1-6) WFLYEJB0493: EJB subsystem suspension complete
2020-04-22 10:48:54,508 INFO  [org.wildfly.extension.undertow] (MSC service thread 1-2) WFLYUT0006: Undertow HTTP listener default listening on 127.0.0.1:8080
2020-04-22 10:48:54,550 INFO  [org.wildfly.extension.undertow] (MSC service thread 1-1) WFLYUT0006: Undertow HTTPS listener https listening on 127.0.0.1:8443
2020-04-22 10:48:54,569 INFO  [org.jboss.as.connector.subsystems.datasources] (MSC service thread 1-8) WFLYJCA0001: Bound data source [java:jboss/datasources/KeycloakDS]
2020-04-22 10:48:54,569 INFO  [org.jboss.as.connector.subsystems.datasources] (MSC service thread 1-6) WFLYJCA0001: Bound data source [java:jboss/datasources/ExampleDS]
2020-04-22 10:48:54,569 INFO  [org.jboss.as.connector.subsystems.datasources] (MSC service thread 1-1) WFLYJCA0001: Bound data source [java:jboss/datasources/Keycloak1DS]
2020-04-22 10:48:54,930 INFO  [org.infinispan.factories.GlobalComponentRegistry] (MSC service thread 1-7) ISPN000128: Infinispan version: Infinispan 'Infinity Minus ONE +2' 9.4.16.Final
2020-04-22 10:48:55,173 INFO  [org.jboss.as.clustering.infinispan] (ServerService Thread Pool -- 63) WFLYCLINF0002: Started realms cache from keycloak container
2020-04-22 10:48:55,173 INFO  [org.jboss.as.clustering.infinispan] (ServerService Thread Pool -- 64) WFLYCLINF0002: Started authenticationSessions cache from keycloak container
2020-04-22 10:48:55,173 INFO  [org.jboss.as.clustering.infinispan] (ServerService Thread Pool -- 56) WFLYCLINF0002: Started offlineSessions cache from keycloak container
2020-04-22 10:48:55,173 INFO  [org.jboss.as.clustering.infinispan] (ServerService Thread Pool -- 62) WFLYCLINF0002: Started loginFailures cache from keycloak container
2020-04-22 10:48:55,173 INFO  [org.jboss.as.clustering.infinispan] (ServerService Thread Pool -- 57) WFLYCLINF0002: Started authorization cache from keycloak container
2020-04-22 10:48:55,173 INFO  [org.jboss.as.clustering.infinispan] (ServerService Thread Pool -- 66) WFLYCLINF0002: Started users cache from keycloak container
2020-04-22 10:48:55,173 INFO  [org.jboss.as.clustering.infinispan] (ServerService Thread Pool -- 58) WFLYCLINF0002: Started work cache from keycloak container
2020-04-22 10:48:55,173 INFO  [org.jboss.as.clustering.infinispan] (ServerService Thread Pool -- 67) WFLYCLINF0002: Started clientSessions cache from keycloak container
2020-04-22 10:48:55,173 INFO  [org.jboss.as.clustering.infinispan] (ServerService Thread Pool -- 61) WFLYCLINF0002: Started keys cache from keycloak container
2020-04-22 10:48:55,173 INFO  [org.jboss.as.clustering.infinispan] (ServerService Thread Pool -- 59) WFLYCLINF0002: Started offlineClientSessions cache from keycloak container
2020-04-22 10:48:55,173 INFO  [org.jboss.as.clustering.infinispan] (ServerService Thread Pool -- 65) WFLYCLINF0002: Started sessions cache from keycloak container
2020-04-22 10:48:55,174 INFO  [org.jboss.as.clustering.infinispan] (ServerService Thread Pool -- 60) WFLYCLINF0002: Started actionTokens cache from keycloak container
2020-04-22 10:48:55,248 INFO  [org.jboss.as.clustering.infinispan] (ServerService Thread Pool -- 68) WFLYCLINF0002: Started client-mappings cache from ejb container
2020-04-22 10:48:55,393 WARN  [org.jboss.as.server.deployment] (MSC service thread 1-6) WFLYSRV0273: Excluded subsystem webservices via jboss-deployment-structure.xml does not exist.
2020-04-22 10:48:56,382 INFO  [org.keycloak.services] (ServerService Thread Pool -- 64) KC-SERVICES0001: Loading config from standalone.xml or domain.xml
2020-04-22 10:48:56,523 INFO  [org.keycloak.url.DefaultHostnameProviderFactory] (ServerService Thread Pool -- 64) Frontend: <request>, Admin: <frontend>, Backend: <request>
2020-04-22 10:48:57,422 INFO  [org.jboss.as.clustering.infinispan] (ServerService Thread Pool -- 64) WFLYCLINF0002: Started realmRevisions cache from keycloak container
2020-04-22 10:48:57,429 INFO  [org.jboss.as.clustering.infinispan] (ServerService Thread Pool -- 64) WFLYCLINF0002: Started userRevisions cache from keycloak container
2020-04-22 10:48:57,441 INFO  [org.jboss.as.clustering.infinispan] (ServerService Thread Pool -- 64) WFLYCLINF0002: Started authorizationRevisions cache from keycloak container
2020-04-22 10:48:57,445 INFO  [org.keycloak.connections.infinispan.DefaultInfinispanConnectionProviderFactory] (ServerService Thread Pool -- 64) Node name: ivc17-294, Site name: null
2020-04-22 10:48:59,558 INFO  [org.hibernate.jpa.internal.util.LogHelper] (ServerService Thread Pool -- 64) HHH000204: Processing PersistenceUnitInfo [
	name: keycloak-default
	...]
2020-04-22 10:48:59,656 INFO  [org.hibernate.Version] (ServerService Thread Pool -- 64) HHH000412: Hibernate Core {5.3.13.Final}
2020-04-22 10:48:59,658 INFO  [org.hibernate.cfg.Environment] (ServerService Thread Pool -- 64) HHH000206: hibernate.properties not found
2020-04-22 10:48:59,869 INFO  [org.hibernate.annotations.common.Version] (ServerService Thread Pool -- 64) HCANN000001: Hibernate Commons Annotations {5.0.5.Final}
2020-04-22 10:49:00,073 INFO  [org.hibernate.dialect.Dialect] (ServerService Thread Pool -- 64) HHH000400: Using dialect: org.hibernate.dialect.MySQL57Dialect
2020-04-22 10:49:00,122 INFO  [org.hibernate.envers.boot.internal.EnversServiceImpl] (ServerService Thread Pool -- 64) Envers integration enabled? : true
2020-04-22 10:49:00,655 INFO  [org.hibernate.orm.beans] (ServerService Thread Pool -- 64) HHH10005002: No explicit CDI BeanManager reference was passed to Hibernate, but CDI is available on the Hibernate ClassLoader.
2020-04-22 10:49:00,718 INFO  [org.hibernate.validator.internal.util.Version] (ServerService Thread Pool -- 64) HV000001: Hibernate Validator 6.0.18.Final
2020-04-22 10:49:01,996 INFO  [org.hibernate.hql.internal.QueryTranslatorFactoryInitiator] (ServerService Thread Pool -- 64) HHH000397: Using ASTQueryTranslatorFactory
2020-04-22 10:49:02,950 INFO  [org.jboss.resteasy.resteasy_jaxrs.i18n] (ServerService Thread Pool -- 64) RESTEASY002225: Deploying javax.ws.rs.core.Application: class org.keycloak.services.resources.KeycloakApplication
2020-04-22 10:49:02,952 INFO  [org.jboss.resteasy.resteasy_jaxrs.i18n] (ServerService Thread Pool -- 64) RESTEASY002200: Adding class resource org.keycloak.services.resources.ThemeResource from Application class org.keycloak.services.resources.KeycloakApplication
2020-04-22 10:49:02,952 INFO  [org.jboss.resteasy.resteasy_jaxrs.i18n] (ServerService Thread Pool -- 64) RESTEASY002205: Adding provider class org.keycloak.services.filters.KeycloakTransactionCommitter from Application class org.keycloak.services.resources.KeycloakApplication
2020-04-22 10:49:02,952 INFO  [org.jboss.resteasy.resteasy_jaxrs.i18n] (ServerService Thread Pool -- 64) RESTEASY002200: Adding class resource org.keycloak.services.resources.JsResource from Application class org.keycloak.services.resources.KeycloakApplication
2020-04-22 10:49:02,952 INFO  [org.jboss.resteasy.resteasy_jaxrs.i18n] (ServerService Thread Pool -- 64) RESTEASY002205: Adding provider class org.keycloak.services.error.KeycloakErrorHandler from Application class org.keycloak.services.resources.KeycloakApplication
2020-04-22 10:49:02,952 INFO  [org.jboss.resteasy.resteasy_jaxrs.i18n] (ServerService Thread Pool -- 64) RESTEASY002220: Adding singleton resource org.keycloak.services.resources.admin.AdminRoot from Application class org.keycloak.services.resources.KeycloakApplication
2020-04-22 10:49:02,953 INFO  [org.jboss.resteasy.resteasy_jaxrs.i18n] (ServerService Thread Pool -- 64) RESTEASY002220: Adding singleton resource org.keycloak.services.resources.RobotsResource from Application class org.keycloak.services.resources.KeycloakApplication
2020-04-22 10:49:02,953 INFO  [org.jboss.resteasy.resteasy_jaxrs.i18n] (ServerService Thread Pool -- 64) RESTEASY002220: Adding singleton resource org.keycloak.services.resources.WelcomeResource from Application class org.keycloak.services.resources.KeycloakApplication
2020-04-22 10:49:02,953 INFO  [org.jboss.resteasy.resteasy_jaxrs.i18n] (ServerService Thread Pool -- 64) RESTEASY002220: Adding singleton resource org.keycloak.services.resources.RealmsResource from Application class org.keycloak.services.resources.KeycloakApplication
2020-04-22 10:49:02,953 INFO  [org.jboss.resteasy.resteasy_jaxrs.i18n] (ServerService Thread Pool -- 64) RESTEASY002210: Adding provider singleton org.keycloak.services.util.ObjectMapperResolver from Application class org.keycloak.services.resources.KeycloakApplication
2020-04-22 10:49:03,051 INFO  [org.wildfly.extension.undertow] (ServerService Thread Pool -- 64) WFLYUT0021: Registered web context: '/auth' for server 'default-server'
2020-04-22 10:49:03,115 INFO  [org.jboss.as.server] (ServerService Thread Pool -- 55) WFLYSRV0010: Deployed "keycloak-server.war" (runtime-name : "keycloak-server.war")
2020-04-22 10:49:03,163 INFO  [org.jboss.as.server] (Controller Boot Thread) WFLYSRV0212: Resuming server
2020-04-22 10:49:03,166 INFO  [org.jboss.as] (Controller Boot Thread) WFLYSRV0060: Http management interface listening on http://127.0.0.1:9990/management
2020-04-22 10:49:03,166 INFO  [org.jboss.as] (Controller Boot Thread) WFLYSRV0051: Admin console listening on http://127.0.0.1:9990
2020-04-22 10:49:03,166 INFO  [org.jboss.as] (Controller Boot Thread) WFLYSRV0025: Keycloak 9.0.3 (WildFly Core 10.0.3.Final) started in 11729ms - Started 598 of 893 services (602 services are lazy, passive or on-demand)
